  main.c
C:\Users\admin\Desktop\conestoga _ jai\sem 2\team based software\sample code\all code\integrated\resource\main.c(53,10): warning C4101: 'key': unreferenced local variable
C:\Users\admin\Desktop\conestoga _ jai\sem 2\team based software\sample code\all code\integrated\resource\main.c(131,15): error C4996: 'kbhit': The POSIX name for this item is deprecated. Instead, use the ISO C and C++ conformant name: _kbhit. See online help for details.
C:\Users\admin\Desktop\conestoga _ jai\sem 2\team based software\sample code\all code\integrated\resource\main.c(221,9): warning C4101: 'row': unreferenced local variable
C:\Users\admin\Desktop\conestoga _ jai\sem 2\team based software\sample code\all code\integrated\resource\main.c(221,22): warning C4101: 'c': unreferenced local variable
C:\Users\admin\Desktop\conestoga _ jai\sem 2\team based software\sample code\all code\integrated\resource\main.c(221,14): warning C4101: 'col': unreferenced local variable
C:\Users\admin\Desktop\conestoga _ jai\sem 2\team based software\sample code\all code\integrated\resource\main.c(249,10): error C4996: 'kbhit': The POSIX name for this item is deprecated. Instead, use the ISO C and C++ conformant name: _kbhit. See online help for details.
C:\Users\admin\Desktop\conestoga _ jai\sem 2\team based software\sample code\all code\integrated\resource\main.c(297,15): warning C4244: 'function': conversion from 'time_t' to 'unsigned int', possible loss of data
C:\Users\admin\Desktop\conestoga _ jai\sem 2\team based software\sample code\all code\integrated\resource\main.c(333,10): error C4996: 'kbhit': The POSIX name for this item is deprecated. Instead, use the ISO C and C++ conformant name: _kbhit. See online help for details.
C:\Users\admin\Desktop\conestoga _ jai\sem 2\team based software\sample code\all code\integrated\resource\main.c(357,10): error C4996: 'kbhit': The POSIX name for this item is deprecated. Instead, use the ISO C and C++ conformant name: _kbhit. See online help for details.
C:\Users\admin\Desktop\conestoga _ jai\sem 2\team based software\sample code\all code\integrated\resource\main.c(467,13): warning C4473: 'scanf_s' : not enough arguments passed for format string
C:\Users\admin\Desktop\conestoga _ jai\sem 2\team based software\sample code\all code\integrated\resource\main.c(467,13): message : placeholders and their parameters expect 2 variadic arguments, but 1 were provided
C:\Users\admin\Desktop\conestoga _ jai\sem 2\team based software\sample code\all code\integrated\resource\main.c(467,13): message : the missing variadic argument 2 is required by format string '%[^\n]'
C:\Users\admin\Desktop\conestoga _ jai\sem 2\team based software\sample code\all code\integrated\resource\main.c(467,13): message : this argument is used as a buffer size
C:\Users\admin\Desktop\conestoga _ jai\sem 2\team based software\sample code\all code\integrated\resource\main.c(463,12): error C4996: 'fopen': This function or variable may be unsafe. Consider using fopen_s instead. To disable deprecation, use _CRT_SECURE_NO_WARNINGS. See online help for details.
C:\Users\admin\Desktop\conestoga _ jai\sem 2\team based software\sample code\all code\integrated\resource\main.c(464,5): error C4996: 'getch': The POSIX name for this item is deprecated. Instead, use the ISO C and C++ conformant name: _getch. See online help for details.
C:\Users\admin\Desktop\conestoga _ jai\sem 2\team based software\sample code\all code\integrated\resource\main.c(488,37): error C4996: 'ctime': This function or variable may be unsafe. Consider using ctime_s instead. To disable deprecation, use _CRT_SECURE_NO_WARNINGS. See online help for details.
C:\Users\admin\Desktop\conestoga _ jai\sem 2\team based software\sample code\all code\integrated\resource\main.c(497,11): error C4996: 'getch': The POSIX name for this item is deprecated. Instead, use the ISO C and C++ conformant name: _getch. See online help for details.
C:\Users\admin\Desktop\conestoga _ jai\sem 2\team based software\sample code\all code\integrated\resource\main.c(501,16): error C4996: 'fopen': This function or variable may be unsafe. Consider using fopen_s instead. To disable deprecation, use _CRT_SECURE_NO_WARNINGS. See online help for details.
C:\Users\admin\Desktop\conestoga _ jai\sem 2\team based software\sample code\all code\integrated\resource\main.c(543,10): error C4996: 'kbhit': The POSIX name for this item is deprecated. Instead, use the ISO C and C++ conformant name: _kbhit. See online help for details.
